<?xml version="1.0" encoding="UTF-8"?>
<testng-results ignored="1" total="3" passed="1" failed="0" skipped="1">
  <reporter-output>
  </reporter-output>
  <suite started-at="2020-01-09T17:55:20Z" name="Suite" finished-at="2020-01-09T17:55:54Z" duration-ms="33118">
    <groups>
    </groups>
    <test started-at="2020-01-09T17:55:20Z" name="Chrome Test" finished-at="2020-01-09T17:55:54Z" duration-ms="33118">
      <class name="com.mytests.MyAccount_002_AddMailExtentions">
        <test-method is-config="true" signature="ReportStart()[pri:0, instance:com.mytests.MyAccount_002_AddMailExtentions@c86b9e3]" started-at="2020-01-09T17:55:20Z" name="ReportStart" finished-at="2020-01-09T17:55:24Z" duration-ms="3830" status="PASS">
          <reporter-output>
          </reporter-output>
        </test-method> <!-- ReportStart -->
        <test-method is-config="true" signature="setup(java.lang.String)[pri:0, instance:com.mytests.MyAccount_002_AddMailExtentions@c86b9e3]" started-at="2020-01-09T17:55:25Z" name="setup" finished-at="2020-01-09T17:55:25Z" duration-ms="24" status="SKIP">
          <params>
            <param index="0">
              <value>
                <![CDATA[chrome]]>
              </value>
            </param>
          </params>
          <exception class="org.testng.SkipException">
            <message>
              <![CDATA[Skipping the testcase com.mytests.MyAccount_002_AddMailExtentions]]>
            </message>
            <full-stacktrace>
              <![CDATA[org.testng.SkipException: Skipping the testcase com.mytests.MyAccount_002_AddMailExtentions
at com.mytests.BaseTest.setup(BaseTest.java:96)
at java.base/jdk.internal.reflect.NativeMethodAccessorImpl.invoke0(Native Method)
at java.base/jdk.internal.reflect.NativeMethodAccessorImpl.invoke(NativeMethodAccessorImpl.java:62)
at java.base/jdk.internal.reflect.DelegatingMethodAccessorImpl.invoke(DelegatingMethodAccessorImpl.java:43)
at java.base/java.lang.reflect.Method.invoke(Method.java:566)
at org.testng.internal.MethodInvocationHelper.invokeMethod(MethodInvocationHelper.java:124)
at org.testng.internal.MethodInvocationHelper.invokeMethodConsideringTimeout(MethodInvocationHelper.java:59)
at org.testng.internal.Invoker.invokeConfigurationMethod(Invoker.java:458)
at org.testng.internal.Invoker.invokeConfigurations(Invoker.java:222)
at org.testng.internal.Invoker.invokeMethod(Invoker.java:523)
at org.testng.internal.Invoker.invokeTestMethod(Invoker.java:719)
at org.testng.internal.Invoker.invokeTestMethods(Invoker.java:989)
at org.testng.internal.TestMethodWorker.invokeTestMethods(TestMethodWorker.java:125)
at org.testng.internal.TestMethodWorker.run(TestMethodWorker.java:109)
at org.testng.TestRunner.privateRun(TestRunner.java:648)
at org.testng.TestRunner.run(TestRunner.java:505)
at org.testng.SuiteRunner.runTest(SuiteRunner.java:455)
at org.testng.SuiteRunner.runSequentially(SuiteRunner.java:450)
at org.testng.SuiteRunner.privateRun(SuiteRunner.java:415)
at org.testng.SuiteRunner.run(SuiteRunner.java:364)
at org.testng.SuiteRunnerWorker.runSuite(SuiteRunnerWorker.java:52)
at org.testng.SuiteRunnerWorker.run(SuiteRunnerWorker.java:84)
at org.testng.TestNG.runSuitesSequentially(TestNG.java:1208)
at org.testng.TestNG.runSuitesLocally(TestNG.java:1137)
at org.testng.TestNG.runSuites(TestNG.java:1049)
at org.testng.TestNG.run(TestNG.java:1017)
at org.testng.remote.AbstractRemoteTestNG.run(AbstractRemoteTestNG.java:115)
at org.testng.remote.RemoteTestNG.initAndRun(RemoteTestNG.java:251)
at org.testng.remote.RemoteTestNG.main(RemoteTestNG.java:77)
]]>
            </full-stacktrace>
          </exception> <!-- org.testng.SkipException -->
          <reporter-output>
          </reporter-output>
        </test-method> <!-- setup -->
        <test-method signature="verify_MyAccount_002_AddMailExtentions_Test(java.lang.String, java.lang.String, java.lang.String)[pri:0, instance:com.mytests.MyAccount_002_AddMailExtentions@c86b9e3]" started-at="2020-01-09T17:55:25Z" name="verify_MyAccount_002_AddMailExtentions_Test" data-provider="ARData" finished-at="2020-01-09T17:55:25Z" duration-ms="0" status="SKIP">
          <exception class="org.testng.SkipException">
            <message>
              <![CDATA[Skipping the testcase com.mytests.MyAccount_002_AddMailExtentions]]>
            </message>
            <full-stacktrace>
              <![CDATA[org.testng.SkipException: Skipping the testcase com.mytests.MyAccount_002_AddMailExtentions
at com.mytests.BaseTest.setup(BaseTest.java:96)
at java.base/jdk.internal.reflect.NativeMethodAccessorImpl.invoke0(Native Method)
at java.base/jdk.internal.reflect.NativeMethodAccessorImpl.invoke(NativeMethodAccessorImpl.java:62)
at java.base/jdk.internal.reflect.DelegatingMethodAccessorImpl.invoke(DelegatingMethodAccessorImpl.java:43)
at java.base/java.lang.reflect.Method.invoke(Method.java:566)
at org.testng.internal.MethodInvocationHelper.invokeMethod(MethodInvocationHelper.java:124)
at org.testng.internal.MethodInvocationHelper.invokeMethodConsideringTimeout(MethodInvocationHelper.java:59)
at org.testng.internal.Invoker.invokeConfigurationMethod(Invoker.java:458)
at org.testng.internal.Invoker.invokeConfigurations(Invoker.java:222)
at org.testng.internal.Invoker.invokeMethod(Invoker.java:523)
at org.testng.internal.Invoker.invokeTestMethod(Invoker.java:719)
at org.testng.internal.Invoker.invokeTestMethods(Invoker.java:989)
at org.testng.internal.TestMethodWorker.invokeTestMethods(TestMethodWorker.java:125)
at org.testng.internal.TestMethodWorker.run(TestMethodWorker.java:109)
at org.testng.TestRunner.privateRun(TestRunner.java:648)
at org.testng.TestRunner.run(TestRunner.java:505)
at org.testng.SuiteRunner.runTest(SuiteRunner.java:455)
at org.testng.SuiteRunner.runSequentially(SuiteRunner.java:450)
at org.testng.SuiteRunner.privateRun(SuiteRunner.java:415)
at org.testng.SuiteRunner.run(SuiteRunner.java:364)
at org.testng.SuiteRunnerWorker.runSuite(SuiteRunnerWorker.java:52)
at org.testng.SuiteRunnerWorker.run(SuiteRunnerWorker.java:84)
at org.testng.TestNG.runSuitesSequentially(TestNG.java:1208)
at org.testng.TestNG.runSuitesLocally(TestNG.java:1137)
at org.testng.TestNG.runSuites(TestNG.java:1049)
at org.testng.TestNG.run(TestNG.java:1017)
at org.testng.remote.AbstractRemoteTestNG.run(AbstractRemoteTestNG.java:115)
at org.testng.remote.RemoteTestNG.initAndRun(RemoteTestNG.java:251)
at org.testng.remote.RemoteTestNG.main(RemoteTestNG.java:77)
]]>
            </full-stacktrace>
          </exception> <!-- org.testng.SkipException -->
          <reporter-output>
          </reporter-output>
        </test-method> <!-- verify_MyAccount_002_AddMailExtentions_Test -->
        <test-method is-config="true" signature="teardown()[pri:0, instance:com.mytests.MyAccount_002_AddMailExtentions@c86b9e3]" started-at="2020-01-09T17:55:25Z" name="teardown" finished-at="2020-01-09T17:55:25Z" duration-ms="0" status="SKIP">
          <reporter-output>
          </reporter-output>
        </test-method> <!-- teardown -->
        <test-method is-config="true" signature="copyFile()[pri:0, instance:com.mytests.MyAccount_002_AddMailExtentions@c86b9e3]" started-at="2020-01-09T17:55:53Z" name="copyFile" finished-at="2020-01-09T17:55:54Z" duration-ms="771" status="PASS">
          <reporter-output>
          </reporter-output>
        </test-method> <!-- copyFile -->
      </class> <!-- com.mytests.MyAccount_002_AddMailExtentions -->
      <class name="com.mytests.LoginTest">
        <test-method is-config="true" signature="ReportStart()[pri:0, instance:com.mytests.LoginTest@10aa41f2]" started-at="2020-01-09T17:55:25Z" name="ReportStart" finished-at="2020-01-09T17:55:28Z" duration-ms="2666" status="PASS">
          <reporter-output>
          </reporter-output>
        </test-method> <!-- ReportStart -->
        <test-method is-config="true" signature="setup(java.lang.String)[pri:0, instance:com.mytests.LoginTest@10aa41f2]" started-at="2020-01-09T17:55:28Z" name="setup" finished-at="2020-01-09T17:55:41Z" duration-ms="13220" status="PASS">
          <params>
            <param index="0">
              <value>
                <![CDATA[chrome]]>
              </value>
            </param>
          </params>
          <reporter-output>
          </reporter-output>
        </test-method> <!-- setup -->
        <test-method signature="verifyLoginTest(java.lang.String, java.lang.String, java.lang.String)[pri:0, instance:com.mytests.LoginTest@10aa41f2]" started-at="2020-01-09T17:55:41Z" name="verifyLoginTest" data-provider="ARData" finished-at="2020-01-09T17:55:53Z" duration-ms="11950" status="PASS">
          <params>
            <param index="0">
              <value>
                <![CDATA[AutoRABIT Login]]>
              </value>
            </param>
            <param index="1">
              <value>
                <![CDATA[AutoRABIT]]>
              </value>
            </param>
            <param index="2">
              <value>
                <![CDATA[Sreekanth Bandi]]>
              </value>
            </param>
          </params>
          <reporter-output>
          </reporter-output>
        </test-method> <!-- verifyLoginTest -->
        <test-method is-config="true" signature="teardown()[pri:0, instance:com.mytests.LoginTest@10aa41f2]" started-at="2020-01-09T17:55:53Z" name="teardown" finished-at="2020-01-09T17:55:53Z" duration-ms="63" status="PASS">
          <reporter-output>
          </reporter-output>
        </test-method> <!-- teardown -->
      </class> <!-- com.mytests.LoginTest -->
    </test> <!-- Chrome Test -->
  </suite> <!-- Suite -->
</testng-results>
